0 info it worked if it ends with ok
1 verbose cli [ 'C:\\Program Files\\nodejs\\\\node.exe',
1 verbose cli   'C:\\Program Files\\nodejs\\node_modules\\npm\\bin\\npm-cli.js',
1 verbose cli   'install',
1 verbose cli   'dev',
1 verbose cli   '--msvs_version=2012' ]
2 info using npm@2.7.4
3 info using node@v0.12.2
4 verbose node symlink C:\Program Files\nodejs\\node.exe
5 warn package.json web-template@0.1.0 No repository field.
6 silly cache add args [ 'dev', null ]
7 verbose cache add spec dev
8 silly cache add parsed spec { raw: 'dev',
8 silly cache add   scope: null,
8 silly cache add   name: 'dev',
8 silly cache add   rawSpec: '',
8 silly cache add   spec: '*',
8 silly cache add   type: 'range' }
9 verbose addNamed dev@*
10 silly addNamed semver.valid null
11 silly addNamed semver.validRange *
12 silly addNameRange { name: 'dev', range: '*', hasData: false }
13 silly mapToRegistry name dev
14 silly mapToRegistry using default registry
15 silly mapToRegistry registry https://registry.npmjs.org/
16 silly mapToRegistry uri https://registry.npmjs.org/dev
17 verbose addNameRange registry:https://registry.npmjs.org/dev not in flight; fetching
18 verbose request uri https://registry.npmjs.org/dev
19 verbose request no auth needed
20 info attempt registry request try #1 at 2:00:51 PM
21 verbose request id fd53c7f252dc9b31
22 verbose etag "6FAQ717WLWEEHPRF40N2OPADI"
23 http request GET https://registry.npmjs.org/dev
24 http 304 https://registry.npmjs.org/dev
25 silly get cb [ 304,
25 silly get   { date: 'Mon, 25 May 2015 18:00:52 GMT',
25 silly get     via: '1.1 varnish',
25 silly get     'cache-control': 'max-age=60',
25 silly get     etag: '"6FAQ717WLWEEHPRF40N2OPADI"',
25 silly get     age: '0',
25 silly get     connection: 'keep-alive',
25 silly get     'x-served-by': 'cache-atl6234-ATL',
25 silly get     'x-cache': 'MISS',
25 silly get     'x-cache-hits': '0',
25 silly get     'x-timer': 'S1432576852.168475,VS0,VE79',
25 silly get     vary: 'Accept' } ]
26 verbose etag https://registry.npmjs.org/dev from cache
27 verbose get saving dev to C:\Users\froesem\AppData\Roaming\npm-cache\registry.npmjs.org\dev\.cache.json
28 silly addNameRange number 2 { name: 'dev', range: '*', hasData: true }
29 silly addNameRange versions [ 'dev',
29 silly addNameRange   [ '0.1.0',
29 silly addNameRange     '0.1.1',
29 silly addNameRange     '0.1.2',
29 silly addNameRange     '0.1.3',
29 silly addNameRange     '0.1.1-d',
29 silly addNameRange     '0.1.1-e',
29 silly addNameRange     '0.1.1-f',
29 silly addNameRange     '0.1.1-g',
29 silly addNameRange     '0.1.1-h',
29 silly addNameRange     '0.1.1-n',
29 silly addNameRange     '0.1.1-p' ] ]
30 verbose addNamed dev@0.1.3
31 silly addNamed semver.valid 0.1.3
32 silly addNamed semver.validRange 0.1.3
33 silly cache afterAdd dev@0.1.3
34 verbose afterAdd C:\Users\froesem\AppData\Roaming\npm-cache\dev\0.1.3\package\package.json not in flight; writing
35 verbose afterAdd C:\Users\froesem\AppData\Roaming\npm-cache\dev\0.1.3\package\package.json written
36 silly install resolved [ { name: 'dev',
36 silly install resolved     description: 'Reruns the given file whenever the current working dir subtree has modifications.',
36 silly install resolved     version: '0.1.3',
36 silly install resolved     repository: { type: 'git', url: 'git://github.com/iliakan/node-dev.git' },
36 silly install resolved     author:
36 silly install resolved      { name: 'Ilya Kantor',
36 silly install resolved        email: 'iliakan@gmail.com',
36 silly install resolved        url: 'http://javascript.info/' },
36 silly install resolved     preferGlobal: true,
36 silly install resolved     bin: { 'node-dev': './node-dev.sh' },
36 silly install resolved     dependencies: { inotify: '>= 0.1.6' },
36 silly install resolved     devDependencies: {},
36 silly install resolved     _id: 'dev@0.1.3',
36 silly install resolved     engines: { node: '*' },
36 silly install resolved     _engineSupported: true,
36 silly install resolved     _npmVersion: '1.0.6',
36 silly install resolved     _nodeVersion: 'v0.5.0-pre',
36 silly install resolved     _defaultsLoaded: true,
36 silly install resolved     dist:
36 silly install resolved      { shasum: '89fdc08705e0e7eaef92d012e26751e4d744322a',
36 silly install resolved        tarball: 'http://registry.npmjs.org/dev/-/dev-0.1.3.tgz' },
36 silly install resolved     scripts: {},
36 silly install resolved     directories: {},
36 silly install resolved     _shasum: '89fdc08705e0e7eaef92d012e26751e4d744322a',
36 silly install resolved     _resolved: 'https://registry.npmjs.org/dev/-/dev-0.1.3.tgz',
36 silly install resolved     _from: 'dev@*',
36 silly install resolved     bugs: { url: 'https://github.com/iliakan/node-dev/issues' },
36 silly install resolved     readme: 'ERROR: No README data found!',
36 silly install resolved     homepage: 'https://github.com/iliakan/node-dev' } ]
37 info install dev@0.1.3 into C:\Code\web-template
38 info installOne dev@0.1.3
39 verbose installOne of dev to C:\Code\web-template not in flight; installing
40 verbose lock using C:\Users\froesem\AppData\Roaming\npm-cache\_locks\dev-010cae663d28be0e.lock for C:\Code\web-template\node_modules\dev
41 silly install write writing dev 0.1.3 to C:\Code\web-template\node_modules\dev
42 silly cache addNamed cb dev@0.1.3
43 verbose unbuild node_modules\dev
44 silly gentlyRm C:\Code\web-template\node_modules\dev is being purged from base C:\Code\web-template
45 verbose gentlyRm don't care about contents; nuking C:\Code\web-template\node_modules\dev
46 verbose tar unpack C:\Users\froesem\AppData\Roaming\npm-cache\dev\0.1.3\package.tgz
47 verbose tar unpacking to C:\Code\web-template\node_modules\dev
48 silly gentlyRm C:\Code\web-template\node_modules\dev is being purged
49 verbose gentlyRm don't care about contents; nuking C:\Code\web-template\node_modules\dev
50 silly gunzTarPerm modes [ '777', '666' ]
51 silly gunzTarPerm extractEntry index.js
52 silly gunzTarPerm modified mode [ 'index.js', 420, 438 ]
53 silly gunzTarPerm extractEntry .npmignore
54 silly gunzTarPerm modified mode [ '.npmignore', 420, 438 ]
55 silly gunzTarPerm extractEntry readme.md
56 silly gunzTarPerm modified mode [ 'readme.md', 484, 502 ]
57 silly gunzTarPerm extractEntry package.json
58 silly gunzTarPerm modified mode [ 'package.json', 484, 502 ]
59 silly gunzTarPerm extractEntry node-dev.sh
60 silly gunzTarPerm modified mode [ 'node-dev.sh', 484, 502 ]
61 silly gunzTarPerm extractEntry manager.js
62 silly gunzTarPerm modified mode [ 'manager.js', 484, 502 ]
63 info preinstall dev@0.1.3
64 silly prepareForInstallMany adding inotify@>= 0.1.6 from dev dependencies
65 silly cache add args [ 'inotify@>= 0.1.6', null ]
66 verbose cache add spec inotify@>= 0.1.6
67 silly cache add parsed spec { raw: 'inotify@>= 0.1.6',
67 silly cache add   scope: null,
67 silly cache add   name: 'inotify',
67 silly cache add   rawSpec: '>= 0.1.6',
67 silly cache add   spec: '>=0.1.6',
67 silly cache add   type: 'range' }
68 verbose addNamed inotify@>=0.1.6
69 silly addNamed semver.valid null
70 silly addNamed semver.validRange >=0.1.6
71 silly addNameRange { name: 'inotify', range: '>=0.1.6', hasData: false }
72 silly mapToRegistry name inotify
73 silly mapToRegistry using default registry
74 silly mapToRegistry registry https://registry.npmjs.org/
75 silly mapToRegistry uri https://registry.npmjs.org/inotify
76 verbose addNameRange registry:https://registry.npmjs.org/inotify not in flight; fetching
77 verbose request uri https://registry.npmjs.org/inotify
78 verbose request no auth needed
79 info attempt registry request try #1 at 2:00:51 PM
80 verbose etag "BWOJ7WHG1C317LTT5LMWIY21J"
81 http request GET https://registry.npmjs.org/inotify
82 http 304 https://registry.npmjs.org/inotify
83 silly get cb [ 304,
83 silly get   { date: 'Mon, 25 May 2015 18:00:52 GMT',
83 silly get     via: '1.1 varnish',
83 silly get     'cache-control': 'max-age=60',
83 silly get     etag: '"BWOJ7WHG1C317LTT5LMWIY21J"',
83 silly get     age: '0',
83 silly get     connection: 'keep-alive',
83 silly get     'x-served-by': 'cache-atl6232-ATL',
83 silly get     'x-cache': 'MISS',
83 silly get     'x-cache-hits': '0',
83 silly get     'x-timer': 'S1432576852.469184,VS0,VE28',
83 silly get     vary: 'Accept' } ]
84 verbose etag https://registry.npmjs.org/inotify from cache
85 verbose get saving inotify to C:\Users\froesem\AppData\Roaming\npm-cache\registry.npmjs.org\inotify\.cache.json
86 silly addNameRange number 2 { name: 'inotify', range: '>=0.1.6', hasData: true }
87 silly addNameRange versions [ 'inotify',
87 silly addNameRange   [ '0.1.2',
87 silly addNameRange     '0.1.3',
87 silly addNameRange     '0.1.4',
87 silly addNameRange     '0.1.5',
87 silly addNameRange     '0.1.6',
87 silly addNameRange     '0.1.7',
87 silly addNameRange     '0.1.8',
87 silly addNameRange     '0.2.0',
87 silly addNameRange     '0.2.1',
87 silly addNameRange     '0.2.2',
87 silly addNameRange     '1.0.0',
87 silly addNameRange     '1.1.0',
87 silly addNameRange     '1.2.0',
87 silly addNameRange     '1.2.1',
87 silly addNameRange     '1.3.0' ] ]
88 verbose addNamed inotify@1.3.0
89 silly addNamed semver.valid 1.3.0
90 silly addNamed semver.validRange 1.3.0
91 silly cache afterAdd inotify@1.3.0
92 verbose afterAdd C:\Users\froesem\AppData\Roaming\npm-cache\inotify\1.3.0\package\package.json not in flight; writing
93 verbose afterAdd C:\Users\froesem\AppData\Roaming\npm-cache\inotify\1.3.0\package\package.json written
94 silly install resolved [ { name: 'inotify',
94 silly install resolved     version: '1.3.0',
94 silly install resolved     author: { name: 'Camilo Aguilar', email: 'camilo.aguilar@gmail.com' },
94 silly install resolved     email: 'camilo.aguilar@gmail.com',
94 silly install resolved     keywords:
94 silly install resolved      [ 'inotify',
94 silly install resolved        'watch',
94 silly install resolved        'monitor',
94 silly install resolved        'watch files',
94 silly install resolved        'watch directories' ],
94 silly install resolved     license: 'MIT',
94 silly install resolved     description: 'inotify bindings for v8 javascript engine',
94 silly install resolved     repository: { type: 'git', url: 'http://github.com/c4milo/node-inotify' },
94 silly install resolved     engines: { node: '>=0.8' },
94 silly install resolved     main: 'inotify',
94 silly install resolved     dependencies: { nan: '^1.8.4' },
94 silly install resolved     scripts: { install: 'node-gyp rebuild' },
94 silly install resolved     gypfile: true,
94 silly install resolved     contributors:
94 silly install resolved      [ [Object],
94 silly install resolved        [Object],
94 silly install resolved        [Object],
94 silly install resolved        [Object],
94 silly install resolved        [Object],
94 silly install resolved        [Object],
94 silly install resolved        [Object] ],
94 silly install resolved     gitHead: '27052815fe7733efaf55d59188e111f81fcb2552',
94 silly install resolved     bugs: { url: 'https://github.com/c4milo/node-inotify/issues' },
94 silly install resolved     homepage: 'https://github.com/c4milo/node-inotify',
94 silly install resolved     _id: 'inotify@1.3.0',
94 silly install resolved     _shasum: '362bbd68b9c5bd591af415c2d2248a0d7d722877',
94 silly install resolved     _from: 'inotify@>=0.1.6',
94 silly install resolved     _npmVersion: '2.7.5',
94 silly install resolved     _nodeVersion: '0.12.2',
94 silly install resolved     _npmUser: { name: 'c4milo', email: 'camilo.aguilar@gmail.com' },
94 silly install resolved     maintainers: [ [Object], [Object] ],
94 silly install resolved     dist:
94 silly install resolved      { shasum: '362bbd68b9c5bd591af415c2d2248a0d7d722877',
94 silly install resolved        tarball: 'http://registry.npmjs.org/inotify/-/inotify-1.3.0.tgz' },
94 silly install resolved     directories: {},
94 silly install resolved     _resolved: 'https://registry.npmjs.org/inotify/-/inotify-1.3.0.tgz',
94 silly install resolved     readme: 'ERROR: No README data found!' } ]
95 info install inotify@1.3.0 into C:\Code\web-template\node_modules\dev
96 info installOne inotify@1.3.0
97 verbose installOne of inotify to C:\Code\web-template\node_modules\dev not in flight; installing
98 verbose lock using C:\Users\froesem\AppData\Roaming\npm-cache\_locks\inotify-f7952ad0edc3df2d.lock for C:\Code\web-template\node_modules\dev\node_modules\inotify
99 silly install write writing inotify 1.3.0 to C:\Code\web-template\node_modules\dev\node_modules\inotify
100 silly cache addNamed cb inotify@1.3.0
101 verbose unbuild node_modules\dev\node_modules\inotify
102 silly gentlyRm C:\Code\web-template\node_modules\dev\node_modules\inotify is being purged from base C:\Code\web-template
103 verbose gentlyRm don't care about contents; nuking C:\Code\web-template\node_modules\dev\node_modules\inotify
104 verbose tar unpack C:\Users\froesem\AppData\Roaming\npm-cache\inotify\1.3.0\package.tgz
105 verbose tar unpacking to C:\Code\web-template\node_modules\dev\node_modules\inotify
106 silly gentlyRm C:\Code\web-template\node_modules\dev\node_modules\inotify is being purged
107 verbose gentlyRm don't care about contents; nuking C:\Code\web-template\node_modules\dev\node_modules\inotify
108 silly gunzTarPerm modes [ '777', '666' ]
109 silly gunzTarPerm extractEntry package.json
110 silly gunzTarPerm modified mode [ 'package.json', 420, 438 ]
111 silly gunzTarPerm extractEntry .npmignore
112 silly gunzTarPerm modified mode [ '.npmignore', 420, 438 ]
113 silly gunzTarPerm extractEntry README.md
114 silly gunzTarPerm modified mode [ 'README.md', 420, 438 ]
115 silly gunzTarPerm extractEntry LICENSE
116 silly gunzTarPerm modified mode [ 'LICENSE', 420, 438 ]
117 silly gunzTarPerm extractEntry example.js
118 silly gunzTarPerm modified mode [ 'example.js', 420, 438 ]
119 silly gunzTarPerm extractEntry inotify.js
120 silly gunzTarPerm modified mode [ 'inotify.js', 420, 438 ]
121 silly gunzTarPerm extractEntry AUTHORS
122 silly gunzTarPerm modified mode [ 'AUTHORS', 420, 438 ]
123 silly gunzTarPerm extractEntry Vagrantfile
124 silly gunzTarPerm modified mode [ 'Vagrantfile', 420, 438 ]
125 silly gunzTarPerm extractEntry binding.gyp
126 silly gunzTarPerm modified mode [ 'binding.gyp', 420, 438 ]
127 silly gunzTarPerm extractEntry src/bindings.cc
128 silly gunzTarPerm modified mode [ 'src/bindings.cc', 420, 438 ]
129 silly gunzTarPerm extractEntry src/bindings.h
130 silly gunzTarPerm modified mode [ 'src/bindings.h', 420, 438 ]
131 silly gunzTarPerm extractEntry src/node_inotify.cc
132 silly gunzTarPerm modified mode [ 'src/node_inotify.cc', 420, 438 ]
133 silly gunzTarPerm extractEntry src/node_inotify.h
134 silly gunzTarPerm modified mode [ 'src/node_inotify.h', 420, 438 ]
135 info preinstall inotify@1.3.0
136 silly prepareForInstallMany adding nan@^1.8.4 from inotify dependencies
137 silly cache add args [ 'nan@^1.8.4', null ]
138 verbose cache add spec nan@^1.8.4
139 silly cache add parsed spec { raw: 'nan@^1.8.4',
139 silly cache add   scope: null,
139 silly cache add   name: 'nan',
139 silly cache add   rawSpec: '^1.8.4',
139 silly cache add   spec: '>=1.8.4 <2.0.0',
139 silly cache add   type: 'range' }
140 verbose addNamed nan@>=1.8.4 <2.0.0
141 silly addNamed semver.valid null
142 silly addNamed semver.validRange >=1.8.4 <2.0.0
143 silly addNameRange { name: 'nan', range: '>=1.8.4 <2.0.0', hasData: false }
144 silly mapToRegistry name nan
145 silly mapToRegistry using default registry
146 silly mapToRegistry registry https://registry.npmjs.org/
147 silly mapToRegistry uri https://registry.npmjs.org/nan
148 verbose addNameRange registry:https://registry.npmjs.org/nan not in flight; fetching
149 verbose request uri https://registry.npmjs.org/nan
150 verbose request no auth needed
151 info attempt registry request try #1 at 2:00:51 PM
152 verbose etag "530KXQBOSG5GYDATQX6MFGOL1"
153 http request GET https://registry.npmjs.org/nan
154 http 304 https://registry.npmjs.org/nan
155 silly get cb [ 304,
155 silly get   { date: 'Mon, 25 May 2015 18:00:52 GMT',
155 silly get     via: '1.1 varnish',
155 silly get     'cache-control': 'max-age=60',
155 silly get     etag: '"530KXQBOSG5GYDATQX6MFGOL1"',
155 silly get     age: '6',
155 silly get     connection: 'keep-alive',
155 silly get     'x-served-by': 'cache-atl6230-ATL',
155 silly get     'x-cache': 'HIT',
155 silly get     'x-cache-hits': '1',
155 silly get     'x-timer': 'S1432576852.714600,VS0,VE1',
155 silly get     vary: 'Accept' } ]
156 verbose etag https://registry.npmjs.org/nan from cache
157 verbose get saving nan to C:\Users\froesem\AppData\Roaming\npm-cache\registry.npmjs.org\nan\.cache.json
158 silly addNameRange number 2 { name: 'nan', range: '>=1.8.4 <2.0.0', hasData: true }
159 silly addNameRange versions [ 'nan',
159 silly addNameRange   [ '0.3.0-wip',
159 silly addNameRange     '0.3.0-wip2',
159 silly addNameRange     '0.3.0',
159 silly addNameRange     '0.3.1',
159 silly addNameRange     '0.3.2',
159 silly addNameRange     '0.4.0',
159 silly addNameRange     '0.4.1',
159 silly addNameRange     '0.4.2',
159 silly addNameRange     '0.4.3',
159 silly addNameRange     '0.4.4',
159 silly addNameRange     '0.5.0',
159 silly addNameRange     '0.5.1',
159 silly addNameRange     '0.5.2',
159 silly addNameRange     '0.6.0',
159 silly addNameRange     '0.7.0',
159 silly addNameRange     '0.7.1',
159 silly addNameRange     '0.8.0',
159 silly addNameRange     '1.0.0',
159 silly addNameRange     '1.1.0',
159 silly addNameRange     '1.1.1',
159 silly addNameRange     '1.1.2',
159 silly addNameRange     '1.2.0',
159 silly addNameRange     '1.3.0',
159 silly addNameRange     '1.4.0',
159 silly addNameRange     '1.4.1',
159 silly addNameRange     '1.5.0',
159 silly addNameRange     '1.4.2',
159 silly addNameRange     '1.4.3',
159 silly addNameRange     '1.5.1',
159 silly addNameRange     '1.5.2',
159 silly addNameRange     '1.6.0',
159 silly addNameRange     '1.5.3',
159 silly addNameRange     '1.6.1',
159 silly addNameRange     '1.6.2',
159 silly addNameRange     '1.7.0',
159 silly addNameRange     '1.8.0',
159 silly addNameRange     '1.8.1',
159 silly addNameRange     '1.8.2',
159 silly addNameRange     '1.8.3',
159 silly addNameRange     '1.8.4' ] ]
160 verbose addNamed nan@1.8.4
161 silly addNamed semver.valid 1.8.4
162 silly addNamed semver.validRange 1.8.4
163 silly cache afterAdd nan@1.8.4
164 verbose afterAdd C:\Users\froesem\AppData\Roaming\npm-cache\nan\1.8.4\package\package.json not in flight; writing
165 verbose afterAdd C:\Users\froesem\AppData\Roaming\npm-cache\nan\1.8.4\package\package.json written
166 silly install resolved [ { name: 'nan',
166 silly install resolved     version: '1.8.4',
166 silly install resolved     description: 'Native Abstractions for Node.js: C++ header for Node 0.8->0.12 compatibility',
166 silly install resolved     main: 'include_dirs.js',
166 silly install resolved     repository: { type: 'git', url: 'git://github.com/iojs/nan.git' },
166 silly install resolved     scripts:
166 silly install resolved      { test: 'tap --gc test/js/*-test.js',
166 silly install resolved        'rebuild-tests': 'pangyp rebuild --directory test' },
166 silly install resolved     contributors:
166 silly install resolved      [ [Object],
166 silly install resolved        [Object],
166 silly install resolved        [Object],
166 silly install resolved        [Object],
166 silly install resolved        [Object],
166 silly install resolved        [Object],
166 silly install resolved        [Object] ],
166 silly install resolved     devDependencies:
166 silly install resolved      { bindings: '~1.2.1',
166 silly install resolved        'node-gyp': '~1.0.2',
166 silly install resolved        pangyp: '~2.0.1',
166 silly install resolved        tap: '~0.7.1',
166 silly install resolved        xtend: '~4.0.0' },
166 silly install resolved     license: 'MIT',
166 silly install resolved     gitHead: 'ed3bbf4ced0cf7937b4e4164766797f71aa97f3d',
166 silly install resolved     bugs: { url: 'https://github.com/iojs/nan/issues' },
166 silly install resolved     homepage: 'https://github.com/iojs/nan#readme',
166 silly install resolved     _id: 'nan@1.8.4',
166 silly install resolved     _shasum: '3c76b5382eab33e44b758d2813ca9d92e9342f34',
166 silly install resolved     _from: 'nan@>=1.8.4 <2.0.0',
166 silly install resolved     _npmVersion: '2.8.3',
166 silly install resolved     _nodeVersion: '0.12.2',
166 silly install resolved     _npmUser: { name: 'kkoopa', email: 'bbyholm@abo.fi' },
166 silly install resolved     maintainers: [ [Object], [Object] ],
166 silly install resolved     dist:
166 silly install resolved      { shasum: '3c76b5382eab33e44b758d2813ca9d92e9342f34',
166 silly install resolved        tarball: 'http://registry.npmjs.org/nan/-/nan-1.8.4.tgz' },
166 silly install resolved     directories: {},
166 silly install resolved     _resolved: 'https://registry.npmjs.org/nan/-/nan-1.8.4.tgz',
166 silly install resolved     readme: 'ERROR: No README data found!' } ]
167 info install nan@1.8.4 into C:\Code\web-template\node_modules\dev\node_modules\inotify
168 info installOne nan@1.8.4
169 verbose installOne of nan to C:\Code\web-template\node_modules\dev\node_modules\inotify not in flight; installing
170 verbose lock using C:\Users\froesem\AppData\Roaming\npm-cache\_locks\nan-fd635e362b590d89.lock for C:\Code\web-template\node_modules\dev\node_modules\inotify\node_modules\nan
171 silly install write writing nan 1.8.4 to C:\Code\web-template\node_modules\dev\node_modules\inotify\node_modules\nan
172 silly cache addNamed cb nan@1.8.4
173 verbose unbuild node_modules\dev\node_modules\inotify\node_modules\nan
174 silly gentlyRm C:\Code\web-template\node_modules\dev\node_modules\inotify\node_modules\nan is being purged from base C:\Code\web-template
175 verbose gentlyRm don't care about contents; nuking C:\Code\web-template\node_modules\dev\node_modules\inotify\node_modules\nan
176 verbose tar unpack C:\Users\froesem\AppData\Roaming\npm-cache\nan\1.8.4\package.tgz
177 verbose tar unpacking to C:\Code\web-template\node_modules\dev\node_modules\inotify\node_modules\nan
178 silly gentlyRm C:\Code\web-template\node_modules\dev\node_modules\inotify\node_modules\nan is being purged
179 verbose gentlyRm don't care about contents; nuking C:\Code\web-template\node_modules\dev\node_modules\inotify\node_modules\nan
180 silly gunzTarPerm modes [ '777', '666' ]
181 silly gunzTarPerm extractEntry package.json
182 silly gunzTarPerm modified mode [ 'package.json', 436, 438 ]
183 silly gunzTarPerm extractEntry README.md
184 silly gunzTarPerm modified mode [ 'README.md', 436, 438 ]
185 silly gunzTarPerm extractEntry include_dirs.js
186 silly gunzTarPerm modified mode [ 'include_dirs.js', 436, 438 ]
187 silly gunzTarPerm extractEntry LICENSE.md
188 silly gunzTarPerm modified mode [ 'LICENSE.md', 436, 438 ]
189 silly gunzTarPerm extractEntry .dntrc
190 silly gunzTarPerm modified mode [ '.dntrc', 436, 438 ]
191 silly gunzTarPerm extractEntry appveyor.yml
192 silly gunzTarPerm modified mode [ 'appveyor.yml', 436, 438 ]
193 silly gunzTarPerm extractEntry nan.h
194 silly gunzTarPerm modified mode [ 'nan.h', 436, 438 ]
195 silly gunzTarPerm extractEntry nan_implementation_12_inl.h
196 silly gunzTarPerm modified mode [ 'nan_implementation_12_inl.h', 436, 438 ]
197 silly gunzTarPerm extractEntry nan_implementation_pre_12_inl.h
198 silly gunzTarPerm modified mode [ 'nan_implementation_pre_12_inl.h', 436, 438 ]
199 silly gunzTarPerm extractEntry nan_new.h
200 silly gunzTarPerm modified mode [ 'nan_new.h', 436, 438 ]
201 silly gunzTarPerm extractEntry nan_string_bytes.h
202 silly gunzTarPerm modified mode [ 'nan_string_bytes.h', 436, 438 ]
203 silly gunzTarPerm extractEntry CHANGELOG.md
204 silly gunzTarPerm modified mode [ 'CHANGELOG.md', 436, 438 ]
205 info preinstall nan@1.8.4
206 silly install resolved []
207 verbose about to build C:\Code\web-template\node_modules\dev\node_modules\inotify\node_modules\nan
208 info build C:\Code\web-template\node_modules\dev\node_modules\inotify\node_modules\nan
209 verbose linkStuff [ false,
209 verbose linkStuff   false,
209 verbose linkStuff   false,
209 verbose linkStuff   'C:\\Code\\web-template\\node_modules\\dev\\node_modules\\inotify\\node_modules' ]
210 info linkStuff nan@1.8.4
211 verbose linkBins nan@1.8.4
212 verbose linkMans nan@1.8.4
213 verbose rebuildBundles nan@1.8.4
214 info install nan@1.8.4
215 info postinstall nan@1.8.4
216 verbose unlock done using C:\Users\froesem\AppData\Roaming\npm-cache\_locks\nan-fd635e362b590d89.lock for C:\Code\web-template\node_modules\dev\node_modules\inotify\node_modules\nan
217 verbose about to build C:\Code\web-template\node_modules\dev\node_modules\inotify
218 info build C:\Code\web-template\node_modules\dev\node_modules\inotify
219 verbose linkStuff [ false,
219 verbose linkStuff   false,
219 verbose linkStuff   false,
219 verbose linkStuff   'C:\\Code\\web-template\\node_modules\\dev\\node_modules' ]
220 info linkStuff inotify@1.3.0
221 verbose linkBins inotify@1.3.0
222 verbose linkMans inotify@1.3.0
223 verbose rebuildBundles inotify@1.3.0
224 verbose rebuildBundles [ 'nan' ]
225 info install inotify@1.3.0
226 verbose unsafe-perm in lifecycle true
227 info inotify@1.3.0 Failed to exec install script
228 verbose unlock done using C:\Users\froesem\AppData\Roaming\npm-cache\_locks\inotify-f7952ad0edc3df2d.lock for C:\Code\web-template\node_modules\dev\node_modules\inotify
229 verbose about to build C:\Code\web-template\node_modules\dev
230 verbose unlock done using C:\Users\froesem\AppData\Roaming\npm-cache\_locks\dev-010cae663d28be0e.lock for C:\Code\web-template\node_modules\dev
231 verbose stack Error: inotify@1.3.0 install: `node-gyp rebuild`
231 verbose stack Exit status 1
231 verbose stack     at EventEmitter.<anonymous> (C:\Program Files\nodejs\node_modules\npm\lib\utils\lifecycle.js:213:16)
231 verbose stack     at EventEmitter.emit (events.js:110:17)
231 verbose stack     at ChildProcess.<anonymous> (C:\Program Files\nodejs\node_modules\npm\lib\utils\spawn.js:14:12)
231 verbose stack     at ChildProcess.emit (events.js:110:17)
231 verbose stack     at maybeClose (child_process.js:1015:16)
231 verbose stack     at Process.ChildProcess._handle.onexit (child_process.js:1087:5)
232 verbose pkgid inotify@1.3.0
233 verbose cwd C:\Code\web-template
234 error Windows_NT 6.1.7601
235 error argv "C:\\Program Files\\nodejs\\\\node.exe" "C:\\Program Files\\nodejs\\node_modules\\npm\\bin\\npm-cli.js" "install" "dev" "--msvs_version=2012"
236 error node v0.12.2
237 error npm  v2.7.4
238 error code ELIFECYCLE
239 error inotify@1.3.0 install: `node-gyp rebuild`
239 error Exit status 1
240 error Failed at the inotify@1.3.0 install script 'node-gyp rebuild'.
240 error This is most likely a problem with the inotify package,
240 error not with npm itself.
240 error Tell the author that this fails on your system:
240 error     node-gyp rebuild
240 error You can get their info via:
240 error     npm owner ls inotify
240 error There is likely additional logging output above.
241 verbose exit [ 1, true ]
242 verbose unbuild node_modules\dev\node_modules\inotify
243 info preuninstall inotify@1.3.0
244 info uninstall inotify@1.3.0
245 verbose unbuild rmStuff inotify@1.3.0 from C:\Code\web-template\node_modules
246 verbose unbuild rmStuff in C:\Code\web-template\node_modules\dev\node_modules
247 info postuninstall inotify@1.3.0
248 silly gentlyRm C:\Code\web-template\node_modules\dev\node_modules\inotify is being purged from base C:\Code\web-template
249 verbose gentlyRm don't care about contents; nuking C:\Code\web-template\node_modules\dev\node_modules\inotify
250 silly vacuum-fs purging C:\Code\web-template\node_modules\dev\node_modules\inotify
251 silly vacuum-fs removing C:\Code\web-template\node_modules\dev\node_modules
252 silly vacuum-fs quitting because other entries in C:\Code\web-template\node_modules\dev
253 verbose unbuild node_modules\dev
254 info preuninstall dev@0.1.3
255 info uninstall dev@0.1.3
256 verbose unbuild rmStuff dev@0.1.3 from C:\Code\web-template\node_modules
257 silly gentlyRm C:\Code\web-template\node_modules\.bin\node-dev.cmd is being gently removed
258 silly gentlyRm verifying C:\Code\web-template is an npm working directory
259 silly gentlyRm containing path C:\Code\web-template is under npm's control, in C:\Code\web-template
260 silly gentlyRm deletion target C:\Code\web-template\node_modules\.bin\node-dev.cmd is under C:\Code\web-template
261 verbose gentlyRm vacuuming from C:\Code\web-template\node_modules\.bin\node-dev.cmd up to C:\Code\web-template
262 silly gentlyRm C:\Code\web-template\node_modules\.bin\node-dev is being gently removed
263 silly gentlyRm verifying C:\Code\web-template is an npm working directory
264 silly gentlyRm containing path C:\Code\web-template is under npm's control, in C:\Code\web-template
265 silly gentlyRm deletion target C:\Code\web-template\node_modules\.bin\node-dev is under C:\Code\web-template
266 verbose gentlyRm vacuuming from C:\Code\web-template\node_modules\.bin\node-dev up to C:\Code\web-template
267 info postuninstall dev@0.1.3
268 silly gentlyRm C:\Code\web-template\node_modules\dev is being purged from base C:\Code\web-template
269 verbose gentlyRm don't care about contents; nuking C:\Code\web-template\node_modules\dev
270 silly vacuum-fs purging C:\Code\web-template\node_modules\dev
271 silly vacuum-fs quitting because other entries in C:\Code\web-template\node_modules
